#
# There is insufficient memory for the Java Runtime Environment to continue.
# Native memory allocation (malloc) failed to allocate 1048576 bytes. Error detail: AllocateHeap
# Possible reasons:
#   The system is out of physical RAM or swap space
#   This process is running with CompressedOops enabled, and the Java Heap may be blocking the growth of the native heap
# Possible solutions:
#   Reduce memory load on the system
#   Increase physical memory or swap space
#   Check if swap backing store is full
#   Decrease Java heap size (-Xmx/-Xms)
#   Decrease number of Java threads
#   Decrease Java thread stack sizes (-Xss)
#   Set larger code cache with -XX:ReservedCodeCacheSize=
#   JVM is running with Unscaled Compressed Oops mode in which the Java heap is
#     placed in the first 4GB address space. The Java Heap base address is the
#     maximum limit for the native heap growth. Please use -XX:HeapBaseMinAddress
#     to set the Java Heap base and to place the Java Heap above 4GB virtual address.
# This output file may be truncated or incomplete.
#
#  Out of Memory Error (allocation.cpp:44), pid=7940, tid=11404
#
# JRE version:  (21.0.11+10) (build )
# Java VM: OpenJDK 64-Bit Server VM (21.0.11+10-LTS, mixed mode, tiered, compressed oops, compressed class ptrs, parallel gc, windows-amd64)
# No core dump will be written. Minidumps are not enabled by default on client versions of Windows
#

---------------  S U M M A R Y ------------

Command Line: --add-modules=ALL-SYSTEM --add-opens=java.base/java.util=ALL-UNNAMED --add-opens=java.base/java.lang=ALL-UNNAMED --add-opens=java.base/sun.nio.fs=ALL-UNNAMED -Declipse.application=org.eclipse.jdt.ls.core.id1 -Dosgi.bundles.defaultStartLevel=4 -Declipse.product=org.eclipse.jdt.ls.core.product -Djava.import.generatesMetadataFilesAtProjectRoot=false -DDetectVMInstallationsJob.disabled=true -Dfile.encoding=utf8 -XX:+UseParallelGC -XX:GCTimeRatio=4 -XX:AdaptiveSizePolicyWeight=90 -Dsun.zip.disableMemoryMapping=true -Xmx2G -Xms100m -Xlog:disable -javaagent:c:\Users\unser\.vscode\extensions\redhat.java-1.55.0-win32-x64\lombok\lombok-1.18.39-4050.jar -XX:+HeapDumpOnOutOfMemoryError -XX:HeapDumpPath=c:\Users\unser\AppData\Roaming\Code\User\workspaceStorage\36df60564485ba7b55c234d5166a3778\redhat.java -Daether.dependencyCollector.impl=bf c:\Users\unser\.vscode\extensions\redhat.java-1.55.0-win32-x64\server\plugins\org.eclipse.equinox.launcher_1.7.200.v20260619-2039.jar -configuration c:\Users\unser\AppData\Roaming\Code\User\globalStorage\redhat.java\1.55.0\config_win -data c:\Users\unser\AppData\Roaming\Code\User\workspaceStorage\36df60564485ba7b55c234d5166a3778\redhat.java\jdt_ws --pipe=\\.\pipe\lsp-66a0cefb36082043c37eafd5b558771a-sock

Host: Intel(R) Core(TM) i5-7300U CPU @ 2.60GHz, 4 cores, 15G,  Windows 10 , 64 bit Build 19041 (10.0.19041.5915)
Time: Wed Jul  1 04:18:22 2026 SE Asia Standard Time elapsed time: 0.183292 seconds (0d 0h 0m 0s)

---------------  T H R E A D  ---------------

Current thread (0x000001a226759450):  JavaThread "Unknown thread" [_thread_in_vm, id=11404, stack(0x0000007f9e400000,0x0000007f9e500000) (1024K)]

Stack: [0x0000007f9e400000,0x0000007f9e500000]
Native frames: (J=compiled Java code, j=interpreted, Vv=VM code, C=native code)
V  [jvm.dll+0x6d7e19]
V  [jvm.dll+0x8b5096]
V  [jvm.dll+0x8b764e]
V  [jvm.dll+0x8b7d33]
V  [jvm.dll+0x284596]
V  [jvm.dll+0xc13c7]
V  [jvm.dll+0x70bf90]
V  [jvm.dll+0x70cafc]
V  [jvm.dll+0x6e69b3]
V  [jvm.dll+0x87f6ec]
V  [jvm.dll+0x3c4b2c]
V  [jvm.dll+0x8683db]
V  [jvm.dll+0x457c41]
V  [jvm.dll+0x459831]
C  [jli.dll+0x52dc]
C  [ucrtbase.dll+0x21bb2]
C  [KERNEL32.DLL+0x17374]
C  [ntdll.dll+0x4cc91]


---------------  P R O C E S S  ---------------

Threads class SMR info:
_java_thread_list=0x000001a228a0d360, length=1, elements={
0x000001a226759450
}

Java Threads: ( => current thread )
=>0x000001a226759450 JavaThread "Unknown thread"             [_thread_in_vm, id=11404, stack(0x0000007f9e400000,0x0000007f9e500000) (1024K)]
Total: 1

Other Threads:
  0x000001a228a4dff0 WatcherThread "VM Periodic Task Thread"        [id=19036, stack(0x0000007f9e600000,0x0000007f9e700000) (1024K)]
  0x000001a228a02350 WorkerThread "GC Thread#0"                     [id=22888, stack(0x0000007f9e500000,0x0000007f9e600000) (1024K)]
Total: 2

Threads with active compile tasks:
Total: 0

VM state: not at safepoint (normal execution)

VM Mutex/Monitor currently owned by a thread: None

Heap address: 0x0000000080000000, size: 2048 MB, Compressed Oops mode: 32-bit

CDS archive(s) not mapped
Compressed class space mapped at: 0x0000000100000000-0x0000000140000000, reserved size: 1073741824
Narrow klass base: 0x0000000000000000, Narrow klass shift: 3, Narrow klass range: 0x140000000

GC Precious Log:
 CardTable entry size: 512
 CPUs: 4 total, 4 available
 Memory: 16218M
 Large Page Support: Disabled
 NUMA Support: Disabled
 Compressed Oops: Enabled (32-bit)
 Alignments: Space 512K, Generation 512K, Heap 2M
 Heap Min Capacity: 100M
 Heap Initial Capacity: 100M
 Heap Max Capacity: 2G
 Pre-touch: Disabled
 Parallel Workers: 4

Heap:
 PSYoungGen      total 29696K, used 512K [0x00000000d5580000, 0x00000000d7680000, 0x0000000100000000)
  eden space 25600K, 2% used [0x00000000d5580000,0x00000000d5600070,0x00000000d6e80000)
  from space 4096K, 0% used [0x00000000d7280000,0x00000000d7280000,0x00000000d7680000)
  to   space 4096K, 0% used [0x00000000d6e80000,0x00000000d6e80000,0x00000000d7280000)
 ParOldGen       total 68608K, used 0K [0x0000000080000000, 0x0000000084300000, 0x00000000d5580000)
  object space 68608K, 0% used [0x0000000080000000,0x0000000080000000,0x0000000084300000)
 Metaspace       used 1381K, committed 1408K, reserved 1114112K
  class space    used 111K, committed 128K, reserved 1048576K

Card table byte_map: [0x000001a228390000,0x000001a2287a0000] _byte_map_base: 0x000001a227f90000

Marking Bits: (ParMarkBitMap*) 0x00007ffd200e4460
 Begin Bits: [0x000001a23aea0000, 0x000001a23cea0000)
 End Bits:   [0x000001a23cea0000, 0x000001a23eea0000)

Polling page: 0x000001a226690000

Metaspace:

Usage:
  Non-class:      1.24 MB used.
      Class:    111.10 KB used.
       Both:      1.35 MB used.

Virtual space:
  Non-class space:       64.00 MB reserved,       1.25 MB (  2%) committed,  1 nodes.
      Class space:        1.00 GB reserved,     128.00 KB ( <1%) committed,  1 nodes.
             Both:        1.06 GB reserved,       1.38 MB ( <1%) committed. 

Chunk freelists:
   Non-Class:  12.00 MB
       Class:  15.75 MB
        Both:  27.75 MB

MaxMetaspaceSize: unlimited
CompressedClassSpaceSize: 1.00 GB
Initial GC threshold: 21.00 MB
Current GC threshold: 17179869184.00 GB
CDS: off
 - commit_granule_bytes: 65536.
 - commit_granule_words: 8192.
 - virtual_space_node_default_size: 8388608.
 - enlarge_chunks_in_place: 1.
 - use_allocation_guard: 0.


Internal statistics:

num_allocs_failed_limit: 0.
num_arena_births: 2.
num_arena_deaths: 0.
num_vsnodes_births: 2.
num_vsnodes_deaths: 0.
num_space_committed: 22.
num_space_uncommitted: 0.
num_chunks_returned_to_freelist: 0.
num_chunks_taken_from_freelist: 3.
num_chunk_merges: 0.
num_chunk_splits: 2.
num_chunks_enlarged: 0.
num_inconsistent_stats: 0.

CodeHeap 'non-profiled nmethods': size=120000Kb used=0Kb max_used=0Kb free=120000Kb
 bounds [0x000001a2336c0000, 0x000001a233930000, 0x000001a23abf0000]
CodeHeap 'profiled nmethods': size=120000Kb used=0Kb max_used=0Kb free=120000Kb
 bounds [0x000001a22bbf0000, 0x000001a22be60000, 0x000001a233120000]
CodeHeap 'non-nmethods': size=5760Kb used=194Kb max_used=342Kb free=5565Kb
 bounds [0x000001a233120000, 0x000001a233390000, 0x000001a2336c0000]
CodeCache: size=245760Kb, used=194Kb, max_used=342Kb, free=245565Kb
 total_blobs=70, nmethods=0, adapters=48, full_count=0
Compilation: enabled, stopped_count=0, restarted_count=0

Compilation events (0 events):
No events

GC Heap History (0 events):
No events

Dll operation events (2 events):
Event: 0.020 Loaded shared library c:\Users\unser\.vscode\extensions\redhat.java-1.55.0-win32-x64\jre\21.0.11-win32-x86_64\bin\java.dll
Event: 0.086 Loaded shared library c:\Users\unser\.vscode\extensions\redhat.java-1.55.0-win32-x64\jre\21.0.11-win32-x86_64\bin\zip.dll

Deoptimization events (0 events):
No events

Classes loaded (20 events):
Event: 0.166 Loading class java/util/Iterator
Event: 0.167 Loading class java/util/Iterator done
Event: 0.167 Loading class java/lang/reflect/RecordComponent
Event: 0.167 Loading class java/lang/reflect/RecordComponent done
Event: 0.167 Loading class jdk/internal/vm/vector/VectorSupport
Event: 0.168 Loading class jdk/internal/vm/vector/VectorSupport done
Event: 0.168 Loading class jdk/internal/vm/vector/VectorSupport$VectorPayload
Event: 0.168 Loading class jdk/internal/vm/vector/VectorSupport$VectorPayload done
Event: 0.168 Loading class jdk/internal/vm/vector/VectorSupport$Vector
Event: 0.168 Loading class jdk/internal/vm/vector/VectorSupport$Vector done
Event: 0.168 Loading class jdk/internal/vm/vector/VectorSupport$VectorMask
Event: 0.168 Loading class jdk/internal/vm/vector/VectorSupport$VectorMask done
Event: 0.168 Loading class jdk/internal/vm/vector/VectorSupport$VectorShuffle
Event: 0.168 Loading class jdk/internal/vm/vector/VectorSupport$VectorShuffle done
Event: 0.168 Loading class jdk/internal/vm/FillerObject
Event: 0.168 Loading class jdk/internal/vm/FillerObject done
Event: 0.171 Loading class java/lang/NullPointerException
Event: 0.172 Loading class java/lang/NullPointerException done
Event: 0.172 Loading class java/lang/ArithmeticException
Event: 0.172 Loading class java/lang/ArithmeticException done

Classes unloaded (0 events):
No events

Classes redefined (0 events):
No events

Internal exceptions (0 events):
No events

ZGC Phase Switch (0 events):
No events

VM Operations (0 events):
No events

Memory protections (0 events):
No events

Nmethod flushes (0 events):
No events

Events (1 events):
Event: 0.072 Thread 0x000001a226759450 Thread added: 0x000001a226759450


Dynamic libraries:
0x00007ff65f9b0000 - 0x00007ff65f9be000 	c:\Users\unser\.vscode\extensions\redhat.java-1.55.0-win32-x64\jre\21.0.11-win32-x86_64\bin\java.exe
0x00007ffdcc630000 - 0x00007ffdcc828000 	C:\Windows\SYSTEM32\ntdll.dll
0x00007ffdca740000 - 0x00007ffdca802000 	C:\Windows\System32\KERNEL32.DLL
0x00007ffdc9f10000 - 0x00007ffdca206000 	C:\Windows\System32\KERNELBASE.dll
0x00007ffdc9dc0000 - 0x00007ffdc9ec0000 	C:\Windows\System32\ucrtbase.dll
0x00007ffdad130000 - 0x00007ffdad148000 	c:\Users\unser\.vscode\extensions\redhat.java-1.55.0-win32-x64\jre\21.0.11-win32-x86_64\bin\jli.dll
0x00007ffdcb350000 - 0x00007ffdcb4f1000 	C:\Windows\System32\USER32.dll
0x00007ffdc9cf0000 - 0x00007ffdc9d12000 	C:\Windows\System32\win32u.dll
0x00007ffdca710000 - 0x00007ffdca73b000 	C:\Windows\System32\GDI32.dll
0x00007ffdca420000 - 0x00007ffdca539000 	C:\Windows\System32\gdi32full.dll
0x00007ffdc9d20000 - 0x00007ffdc9dbd000 	C:\Windows\System32\msvcp_win.dll
0x00007ffdad760000 - 0x00007ffdad77e000 	c:\Users\unser\.vscode\extensions\redhat.java-1.55.0-win32-x64\jre\21.0.11-win32-x86_64\bin\VCRUNTIME140.dll
0x00007ffdb53b0000 - 0x00007ffdb564b000 	C:\Windows\WinSxS\amd64_microsoft.windows.common-controls_6595b64144ccf1df_6.0.19041.6456_none_60b8a6cb71f64256\COMCTL32.dll
0x00007ffdcbc30000 - 0x00007ffdcbcce000 	C:\Windows\System32\msvcrt.dll
0x00007ffdcb640000 - 0x00007ffdcb66f000 	C:\Windows\System32\IMM32.DLL
0x00007ffdac500000 - 0x00007ffdac50c000 	c:\Users\unser\.vscode\extensions\redhat.java-1.55.0-win32-x64\jre\21.0.11-win32-x86_64\bin\vcruntime140_1.dll
0x00007ffd9b650000 - 0x00007ffd9b6dd000 	c:\Users\unser\.vscode\extensions\redhat.java-1.55.0-win32-x64\jre\21.0.11-win32-x86_64\bin\msvcp140.dll
0x00007ffd1f420000 - 0x00007ffd201c2000 	c:\Users\unser\.vscode\extensions\redhat.java-1.55.0-win32-x64\jre\21.0.11-win32-x86_64\bin\server\jvm.dll
0x00007ffdca810000 - 0x00007ffdca8c1000 	C:\Windows\System32\ADVAPI32.dll
0x00007ffdcbae0000 - 0x00007ffdcbb7f000 	C:\Windows\System32\sechost.dll
0x00007ffdcc4d0000 - 0x00007ffdcc5f0000 	C:\Windows\System32\RPCRT4.dll
0x00007ffdc9cc0000 - 0x00007ffdc9ce7000 	C:\Windows\System32\bcrypt.dll
0x00007ffdcc330000 - 0x00007ffdcc39b000 	C:\Windows\System32\WS2_32.dll
0x00007ffdc91c0000 - 0x00007ffdc920b000 	C:\Windows\SYSTEM32\POWRPROF.dll
0x00007ffdb6070000 - 0x00007ffdb6097000 	C:\Windows\SYSTEM32\WINMM.dll
0x00007ffdc2640000 - 0x00007ffdc264a000 	C:\Windows\SYSTEM32\VERSION.dll
0x00007ffdc9080000 - 0x00007ffdc9092000 	C:\Windows\SYSTEM32\UMPDC.dll
0x00007ffdc8490000 - 0x00007ffdc84a2000 	C:\Windows\SYSTEM32\kernel.appcore.dll
0x00007ffdabb00000 - 0x00007ffdabb0a000 	c:\Users\unser\.vscode\extensions\redhat.java-1.55.0-win32-x64\jre\21.0.11-win32-x86_64\bin\jimage.dll
0x00007ffdb56b0000 - 0x00007ffdb58b1000 	C:\Windows\SYSTEM32\DBGHELP.DLL
0x00007ffdb5210000 - 0x00007ffdb5244000 	C:\Windows\SYSTEM32\dbgcore.DLL
0x00007ffdca5c0000 - 0x00007ffdca642000 	C:\Windows\System32\bcryptPrimitives.dll
0x00007ffd9fd70000 - 0x00007ffd9fd7f000 	c:\Users\unser\.vscode\extensions\redhat.java-1.55.0-win32-x64\jre\21.0.11-win32-x86_64\bin\instrument.dll
0x00007ffdaaf00000 - 0x00007ffdaaf20000 	c:\Users\unser\.vscode\extensions\redhat.java-1.55.0-win32-x64\jre\21.0.11-win32-x86_64\bin\java.dll
0x00007ffda9a40000 - 0x00007ffda9a58000 	c:\Users\unser\.vscode\extensions\redhat.java-1.55.0-win32-x64\jre\21.0.11-win32-x86_64\bin\zip.dll

JVMTI agents:
c:\Users\unser\.vscode\extensions\redhat.java-1.55.0-win32-x64\lombok\lombok-1.18.39-4050.jar path:none, loaded, not initialized, instrumentlib options:none

dbghelp: loaded successfully - version: 4.0.5 - missing functions: none
symbol engine: initialized successfully - sym options: 0x614 - pdb path: .;c:\Users\unser\.vscode\extensions\redhat.java-1.55.0-win32-x64\jre\21.0.11-win32-x86_64\bin;C:\Windows\SYSTEM32;C:\Windows\WinSxS\amd64_microsoft.windows.common-controls_6595b64144ccf1df_6.0.19041.6456_none_60b8a6cb71f64256;c:\Users\unser\.vscode\extensions\redhat.java-1.55.0-win32-x64\jre\21.0.11-win32-x86_64\bin\server

VM Arguments:
jvm_args: --add-modules=ALL-SYSTEM --add-opens=java.base/java.util=ALL-UNNAMED --add-opens=java.base/java.lang=ALL-UNNAMED --add-opens=java.base/sun.nio.fs=ALL-UNNAMED -Declipse.application=org.eclipse.jdt.ls.core.id1 -Dosgi.bundles.defaultStartLevel=4 -Declipse.product=org.eclipse.jdt.ls.core.product -Djava.import.generatesMetadataFilesAtProjectRoot=false -DDetectVMInstallationsJob.disabled=true -Dfile.encoding=utf8 -XX:+UseParallelGC -XX:GCTimeRatio=4 -XX:AdaptiveSizePolicyWeight=90 -Dsun.zip.disableMemoryMapping=true -Xmx2G -Xms100m -Xlog:disable -javaagent:c:\Users\unser\.vscode\extensions\redhat.java-1.55.0-win32-x64\lombok\lombok-1.18.39-4050.jar -XX:+HeapDumpOnOutOfMemoryError -XX:HeapDumpPath=c:\Users\unser\AppData\Roaming\Code\User\workspaceStorage\36df60564485ba7b55c234d5166a3778\redhat.java -Daether.dependencyCollector.impl=bf 
java_command: c:\Users\unser\.vscode\extensions\redhat.java-1.55.0-win32-x64\server\plugins\org.eclipse.equinox.launcher_1.7.200.v20260619-2039.jar -configuration c:\Users\unser\AppData\Roaming\Code\User\globalStorage\redhat.java\1.55.0\config_win -data c:\Users\unser\AppData\Roaming\Code\User\workspaceStorage\36df60564485ba7b55c234d5166a3778\redhat.java\jdt_ws --pipe=\\.\pipe\lsp-66a0cefb36082043c37eafd5b558771a-sock
java_class_path (initial): c:\Users\unser\.vscode\extensions\redhat.java-1.55.0-win32-x64\server\plugins\org.eclipse.equinox.launcher_1.7.200.v20260619-2039.jar
Launcher Type: SUN_STANDARD

[Global flags]
    uintx AdaptiveSizePolicyWeight                 = 90                                        {product} {command line}
     intx CICompilerCount                          = 3                                         {product} {ergonomic}
    uintx GCTimeRatio                              = 4                                         {product} {command line}
     bool HeapDumpOnOutOfMemoryError               = true                                   {manageable} {command line}
    ccstr HeapDumpPath                             = c:\Users\unser\AppData\Roaming\Code\User\workspaceStorage\36df60564485ba7b55c234d5166a3778\redhat.java         {manageable} {command line}
   size_t InitialHeapSize                          = 104857600                                 {product} {command line}
   size_t MaxHeapSize                              = 2147483648                                {product} {command line}
   size_t MaxNewSize                               = 715653120                                 {product} {ergonomic}
   size_t MinHeapDeltaBytes                        = 524288                                    {product} {ergonomic}
   size_t MinHeapSize                              = 104857600                                 {product} {command line}
   size_t NewSize                                  = 34603008                                  {product} {ergonomic}
    uintx NonNMethodCodeHeapSize                   = 5832780                                {pd product} {ergonomic}
    uintx NonProfiledCodeHeapSize                  = 122912730                              {pd product} {ergonomic}
   size_t OldSize                                  = 70254592                                  {product} {ergonomic}
    uintx ProfiledCodeHeapSize                     = 122912730                              {pd product} {ergonomic}
    uintx ReservedCodeCacheSize                    = 251658240                              {pd product} {ergonomic}
     bool SegmentedCodeCache                       = true                                      {product} {ergonomic}
   size_t SoftMaxHeapSize                          = 2147483648                             {manageable} {ergonomic}
     bool UseCompressedOops                        = true                           {product lp64_product} {ergonomic}
     bool UseLargePagesIndividualAllocation        = false                                  {pd product} {ergonomic}
     bool UseParallelGC                            = true                                      {product} {command line}

Logging:
Log output configuration:
 #0: stdout all=off uptime,level,tags foldmultilines=false
 #1: stderr all=off uptime,level,tags foldmultilines=false

Release file:
<release file has not been read>
Environment Variables:
JAVA_HOME=C:\Program Files\Microsoft\jdk-21.0.1.12-hotspot\
PATH=C:\Program Files\Microsoft\jdk-21.0.1.12-hotspot\bin;C:\Program Files\Common Files\Oracle\Java\javapath;C:\Windows\system32;C:\Windows;C:\Windows\System32\Wbem;C:\Windows\System32\WindowsPowerShell\v1.0\;C:\Windows\System32\OpenSSH\;C:\Program Files\Git\cmd;C:\Users\unser\AppData\Roaming\nvm;C:\Program Files\nodejs;C:\Program Files\PuTTY\;C:\Gradle\gradle-8.5\bin;C:\Program Files\PostgreSQL\11\bin;;c:\Users\unser\AppData\Local\Programs\cursor\resources\app\bin;C:\Program Files\Cloudflare\Cloudflare WARP\;C:\Program Files\Go\bin;C:\Program Files\Docker\Docker\resources\bin;C:\Program Files\dotnet\;C:\laragon2\bin\nodejs\node-v20\;C:\Program Files\PowerShell\7\;C:\Program Files\GitHub CLI\;C:\Users\unser\.local\bin;C:\laragon2\bin;C:\laragon2\bin\apache\httpd-2.4.54-win64-VS16\bin;C:\laragon2\bin\composer;C:\laragon2\bin\git\bin;C:\laragon2\bin\git\cmd;C:\laragon2\bin\git\mingw64\bin;C:\laragon2\bin\git\usr\bin;C:\laragon2\bin\laragon\utils;C:\laragon2\bin\mysql\mysql-8.0.30-winx64\bin;C:\laragon2\bin\nginx\nginx-1.22.0;C:\laragon2\bin\ngrok;C:\laragon2\bin\nodejs\node-v20;C:\laragon2\bin\notepad++;C:\laragon2\bin\php\php-8.2.22-nts-Win32-vs16-x64;C:\laragon2\bin\python\python-3.10;C:\laragon2\bin\python\python-3.10\Scripts;C:\laragon2\bin\redis\redis-x64-5.0.14.1;C:\laragon2\bin\telnet;C:\laragon2\usr\bin;C:\Users\unser\AppData\Local\Yarn\config\global\node_modules\.bin;C:\Users\unser\AppData\Roaming\Composer\vendor\bin;C:\Program Files\MySQL\MySQL Shell 8.0\bin\;C:\Users\unser\AppData\Local\Microsoft\WindowsApps;C:\Users\unser\AppData\Local\Programs\Microsoft VS Code\bin;C:\Users\unser\AppData\Roaming\nvm;C:\Users\unser\go\bin;C:\Users\unser\AppData\Local\gitkraken\bin;C:\dev\flutter\bin;C:\Users\unser\.shorebird\bin;C:\Program Files\JetBrains\PyCharm Community Edition 2024.1.2\bin;C:\Users\unser\.bun\bin;C:\Users\unser\go\bin;C:\Users\unser\.dotnet\tools;C:\Users\unser\AppData\Local\Packages\PythonSoftwareFoundation.Python.3.11_qbz5n2kfra8p0\LocalCache\local-packages\Python311\Scripts;C:\Users\unser\AppData\Local\Microsoft\WinGet\Links;;C:\Users\unser\.lmstudio\bin;C:\Users\unser\bin;C:\Users\unser\AppData\Roaming\npm
USERNAME=unser
OS=Windows_NT
PROCESSOR_IDENTIFIER=Intel64 Family 6 Model 142 Stepping 9, GenuineIntel
TMP=C:\Users\unser\AppData\Local\Temp
TEMP=C:\Users\unser\AppData\Local\Temp




Periodic native trim disabled

---------------  S Y S T E M  ---------------

OS:
 Windows 10 , 64 bit Build 19041 (10.0.19041.5915)
OS uptime: 1 days 11:15 hours
Hyper-V role detected

CPU: total 4 (initial active 4) (2 cores per cpu, 2 threads per core) family 6 model 142 stepping 9 microcode 0xb4, cx8, cmov, fxsr, ht, mmx, 3dnowpref, sse, sse2, sse3, ssse3, sse4.1, sse4.2, popcnt, lzcnt, tsc, tscinvbit, avx, avx2, aes, erms, clmul, bmi1, bmi2, rtm, adx, fma, vzeroupper, clflush, clflushopt, hv, rdtscp, f16c
Processor Information for the first 4 processors :
  Max Mhz: 2712, Current Mhz: 2611, Mhz Limit: 2603

Memory: 4k page, system-wide physical 16218M (1994M free)
TotalPageFile size 24755M (AvailPageFile size 3M)
current process WorkingSet (physical memory assigned to process): 16M, peak: 16M
current process commit charge ("private bytes"): 184M, peak: 191M

vm_info: OpenJDK 64-Bit Server VM (21.0.11+10-LTS) for windows-amd64 JRE (21.0.11+10-LTS), built on 2026-04-21T00:00:00Z by "admin" with MS VC++ 17.12 (VS2022)

END.
